<?xml version="1.0" encoding="UTF-8"?>
<!-- Generated by org.testng.reporters.JUnitXMLReporter -->
<testsuite ignored="0" hostname="LAPTOP-FUN2M76R" failures="0" tests="6" name="Default test" time="22.147" errors="0" timestamp="2025-01-24T18:52:10 IST">
  <testcase classname="test.Text_box_test" name="clickAtClose" time="0.705"/>
  <testcase classname="test.Text_box_test" name="clickAtPractice" time="2.528"/>
  <testcase classname="test.Text_box_test" name="clickAtElement" time="0.309"/>
  <testcase classname="test.Text_box_test" name="clickAtBox" time="0.583"/>
  <testcase classname="test.Text_box_test" name="clickAtFillDetails" time="2.529"/>
  <testcase classname="test.Text_box_test" name="validate" time="0.394"/>
</testsuite> <!-- Default test -->
