<?xml version="1.0" encoding="UTF-8"?>
<!-- Generated by org.testng.reporters.JUnitXMLReporter -->
<testsuite ignored="0" hostname="LAPTOP-FUN2M76R" failures="0" tests="6" name="AccordianTest" time="11.969" errors="0" timestamp="2025-01-29T14:10:06 IST">
  <testcase classname="test.AccordianTest" name="clickAtClose" time="0.207"/>
  <testcase classname="test.AccordianTest" name="clickAtPractice" time="1.827"/>
  <testcase classname="test.AccordianTest" name="clickAtWigets" time="0.18"/>
  <testcase classname="test.AccordianTest" name="clickAtAccordian" time="0.284"/>
  <testcase classname="test.AccordianTest" name="clickAtAccordianpara1" time="0.322"/>
  <testcase classname="test.AccordianTest" name="clickAtAccordiantext" time="0.173"/>
</testsuite> <!-- AccordianTest -->
