<?xml version="1.0" encoding="UTF-8"?>
<!-- Generated by org.testng.reporters.JUnitXMLReporter -->
<testsuite ignored="0" hostname="LAPTOP-FUN2M76R" failures="0" tests="8" name="Checkbox" time="12.467" errors="0" timestamp="2025-01-11T08:11:15 IST">
  <testcase classname="test.CheckboxTest" name="clickAtClose" time="0.237"/>
  <testcase classname="test.CheckboxTest" name="clickAtPractice" time="3.235"/>
  <testcase classname="test.CheckboxTest" name="clickAtElements" time="0.193"/>
  <testcase classname="test.CheckboxTest" name="clickAtCheckbox" time="0.193"/>
  <testcase classname="test.CheckboxTest" name="clickAtMobile" time="0.422"/>
  <testcase classname="test.CheckboxTest" name="clickAtLaptop" time="0.293"/>
  <testcase classname="test.CheckboxTest" name="clickAtDesktop" time="0.301"/>
  <testcase classname="test.CheckboxTest" name="getvalidation" time="0.002"/>
</testsuite> <!-- Checkbox -->
