<?xml version="1.0" encoding="UTF-8"?>
<!-- Generated by org.testng.reporters.JUnitXMLReporter -->
<testsuite ignored="0" hostname="LAPTOP-FUN2M76R" failures="0" tests="7" name="RadioButtons" time="12.463" errors="0" timestamp="2025-01-11T23:40:29 IST">
  <testcase classname="test.RadioButtonsTest" name="clickAtclose" time="3.175"/>
  <testcase classname="test.RadioButtonsTest" name="clickAtpractice" time="1.907"/>
  <testcase classname="test.RadioButtonsTest" name="clickAtElement" time="0.11"/>
  <testcase classname="test.RadioButtonsTest" name="clickAtRadioButton" time="0.147"/>
  <testcase classname="test.RadioButtonsTest" name="clickAtyes" time="0.173"/>
  <testcase classname="test.RadioButtonsTest" name="clickAtImpressive" time="0.109"/>
  <testcase classname="test.RadioButtonsTest" name="clickAtNOButton" time="0.098"/>
</testsuite> <!-- RadioButtons -->
