<?xml version="1.0" encoding="UTF-8"?>
<testng-results ignored="0" total="6" passed="6" failed="0" skipped="0">
  <reporter-output>
  </reporter-output>
  <suite started-at="2025-01-24T18:51:47 IST" name="Default suite" finished-at="2025-01-24T18:52:10 IST" duration-ms="22147">
    <groups>
    </groups>
    <test started-at="2025-01-24T18:51:47 IST" name="Default test" finished-at="2025-01-24T18:52:10 IST" duration-ms="22147">
      <class name="test.Text_box_test">
        <test-method is-config="true" signature="launcher()[pri:0, instance:test.Text_box_test@49139829]" started-at="2025-01-24T18:51:47 IST" name="launcher" finished-at="2025-01-24T18:52:02 IST" duration-ms="14496" status="PASS">
          <reporter-output>
          </reporter-output>
        </test-method> <!-- launcher -->
        <test-method signature="clickAtClose()[pri:1, instance:test.Text_box_test@49139829]" started-at="2025-01-24T18:52:02 IST" name="clickAtClose" finished-at="2025-01-24T18:52:03 IST" duration-ms="705" status="PASS">
          <reporter-output>
          </reporter-output>
        </test-method> <!-- clickAtClose -->
        <test-method signature="clickAtPractice()[pri:2, instance:test.Text_box_test@49139829]" started-at="2025-01-24T18:52:03 IST" name="clickAtPractice" finished-at="2025-01-24T18:52:06 IST" duration-ms="2528" status="PASS">
          <reporter-output>
          </reporter-output>
        </test-method> <!-- clickAtPractice -->
        <test-method signature="clickAtElement()[pri:3, instance:test.Text_box_test@49139829]" started-at="2025-01-24T18:52:06 IST" name="clickAtElement" finished-at="2025-01-24T18:52:06 IST" duration-ms="309" status="PASS">
          <reporter-output>
          </reporter-output>
        </test-method> <!-- clickAtElement -->
        <test-method signature="clickAtBox()[pri:4, instance:test.Text_box_test@49139829]" started-at="2025-01-24T18:52:06 IST" name="clickAtBox" finished-at="2025-01-24T18:52:07 IST" duration-ms="583" status="PASS">
          <reporter-output>
          </reporter-output>
        </test-method> <!-- clickAtBox -->
        <test-method signature="clickAtFillDetails()[pri:5, instance:test.Text_box_test@49139829]" started-at="2025-01-24T18:52:07 IST" name="clickAtFillDetails" finished-at="2025-01-24T18:52:09 IST" duration-ms="2529" status="PASS">
          <reporter-output>
          </reporter-output>
        </test-method> <!-- clickAtFillDetails -->
        <test-method signature="validate()[pri:6, instance:test.Text_box_test@49139829]" started-at="2025-01-24T18:52:09 IST" name="validate" finished-at="2025-01-24T18:52:10 IST" duration-ms="394" status="PASS">
          <reporter-output>
          </reporter-output>
        </test-method> <!-- validate -->
      </class> <!-- test.Text_box_test -->
    </test> <!-- Default test -->
  </suite> <!-- Default suite -->
</testng-results>
